<?xml version="1.0" encoding="UTF-8"?>
<coverage generated="1722097468080" clover="3.2.0">
  <project timestamp="1722097468080" name="All files">
    <metrics statements="8" coveredstatements="6" conditionals="6" coveredconditionals="4" methods="1" coveredmethods="1" elements="15" coveredelements="11" complexity="0" loc="8" ncloc="8" packages="1" files="1" classes="1"/>
    <file name="healthchecker.js" path="C:\Users\Denis\Desktop\курсики\description of download\src\healthchecker.js">
      <metrics statements="8" coveredstatements="6" conditionals="6" coveredconditionals="4" methods="1" coveredmethods="1"/>
      <line num="2" count="3" type="stmt"/>
      <line num="3" count="3" type="stmt"/>
      <line num="4" count="3" type="cond" truecount="1" falsecount="1"/>
      <line num="5" count="0" type="stmt"/>
      <line num="6" count="3" type="cond" truecount="3" falsecount="1"/>
      <line num="7" count="0" type="stmt"/>
      <line num="9" count="3" type="stmt"/>
      <line num="11" count="3" type="stmt"/>
    </file>
  </project>
</coverage>
